<?xml version="1.0" encoding="UTF-8"?>
<!-- Generated by org.testng.reporters.JUnitReportReporter -->
<testsuite hostname="DESKTOP-ETGMEJR" failures="0" tests="3" name="NgTest" time="0.022" errors="0" timestamp="27 May 2019 11:07:29 GMT" skipped="1">
  <testcase classname="NgTest" name="test1" time="0.018"/>
  <testcase classname="NgTest" name="test3" time="0.004"/>
  <testcase classname="NgTest" name="test2">
    <skipped/>
  </testcase> <!-- test2 -->
</testsuite> <!-- NgTest -->
