<?xml version="1.0" encoding="UTF-8"?>
<!-- Generated by org.testng.reporters.JUnitReportReporter -->
<testsuite hostname="DESKTOP-ETGMEJR" failures="0" tests="1" name="org.sel.SeleniumLaunch" time="3.084" errors="0" timestamp="28 May 2019 08:19:45 GMT" skipped="0">
  <testcase classname="org.sel.SeleniumLaunch" name="test1" time="3.084"/>
</testsuite> <!-- org.sel.SeleniumLaunch -->
