<?xml version="1.0" encoding="UTF-8"?>
<!-- Generated by org.testng.reporters.JUnitReportReporter -->
<testsuite hostname="DESKTOP-ETGMEJR" failures="0" tests="3" name="org.sel.ParellelMethods" time="5.371" errors="0" timestamp="28 May 2019 08:53:05 GMT" skipped="0">
  <testcase classname="org.sel.ParellelMethods" name="test3" time="0.610"/>
  <testcase classname="org.sel.ParellelMethods" name="test2" time="0.989"/>
  <testcase classname="org.sel.ParellelMethods" name="test1" time="3.772"/>
</testsuite> <!-- org.sel.ParellelMethods -->
