<?xml version="1.0" encoding="UTF-8"?>
<!-- Generated by org.testng.reporters.JUnitReportReporter -->
<testsuite hostname="DESKTOP-ETGMEJR" failures="0" tests="1" name="org.sel.PassValue" time="3.447" errors="0" timestamp="28 May 2019 08:39:23 GMT" skipped="0">
  <testcase classname="org.sel.PassValue" name="test1" time="3.447"/>
</testsuite> <!-- org.sel.PassValue -->
